<?xml version="1.0" encoding="UTF-8"?>
<testsuite name="com.sungwook.study.springpracticeboard.web.IndexControllerTest" tests="1" skipped="0" failures="0" errors="0" timestamp="2021-03-14T14:05:35" hostname="DESKTOP-938SNQS" time="0.95">
  <properties/>
  <testcase name="메인페이지_로딩" classname="com.sungwook.study.springpracticeboard.web.IndexControllerTest" time="0.95"/>
  <system-out><![CDATA[23:05:18.129 [Test worker] DEBUG org.springframework.test.context.junit4.SpringJUnit4ClassRunner - SpringJUnit4ClassRunner constructor called with [class com.sungwook.study.springpracticeboard.web.IndexControllerTest]
23:05:18.146 [Test worker] DEBUG org.springframework.test.context.BootstrapUtils - Instantiating CacheAwareContextLoaderDelegate from class [org.springframework.test.context.cache.DefaultCacheAwareContextLoaderDelegate]
23:05:18.168 [Test worker] DEBUG org.springframework.test.context.BootstrapUtils - Instantiating BootstrapContext using constructor [public org.springframework.test.context.support.DefaultBootstrapContext(java.lang.Class,org.springframework.test.context.CacheAwareContextLoaderDelegate)]
23:05:18.306 [Test worker] DEBUG org.springframework.test.context.BootstrapUtils - Instantiating TestContextBootstrapper for test class [com.sungwook.study.springpracticeboard.web.IndexControllerTest] from class [org.springframework.boot.test.context.SpringBootTestContextBootstrapper]
23:05:18.370 [Test worker] INFO org.springframework.boot.test.context.SpringBootTestContextBootstrapper - Neither @ContextConfiguration nor @ContextHierarchy found for test class [com.sungwook.study.springpracticeboard.web.IndexControllerTest], using SpringBootContextLoader
23:05:18.380 [Test worker] DEBUG org.springframework.test.context.support.AbstractContextLoader - Did not detect default resource location for test class [com.sungwook.study.springpracticeboard.web.IndexControllerTest]: class path resource [com/sungwook/study/springpracticeboard/web/IndexControllerTest-context.xml] does not exist
23:05:18.394 [Test worker] DEBUG org.springframework.test.context.support.AbstractContextLoader - Did not detect default resource location for test class [com.sungwook.study.springpracticeboard.web.IndexControllerTest]: class path resource [com/sungwook/study/springpracticeboard/web/IndexControllerTestContext.groovy] does not exist
23:05:18.398 [Test worker] INFO org.springframework.test.context.support.AbstractContextLoader - Could not detect default resource locations for test class [com.sungwook.study.springpracticeboard.web.IndexControllerTest]: no resource found for suffixes {-context.xml, Context.groovy}.
23:05:18.402 [Test worker] INFO org.springframework.test.context.support.AnnotationConfigContextLoaderUtils - Could not detect default configuration classes for test class [com.sungwook.study.springpracticeboard.web.IndexControllerTest]: IndexControllerTest does not declare any static, non-private, non-final, nested classes annotated with @Configuration.
23:05:18.606 [Test worker] DEBUG org.springframework.test.context.support.ActiveProfilesUtils - Could not find an 'annotation declaring class' for annotation type [org.springframework.test.context.ActiveProfiles] and class [com.sungwook.study.springpracticeboard.web.IndexControllerTest]
23:05:18.925 [Test worker] DEBUG org.springframework.context.annotation.ClassPathScanningCandidateComponentProvider - Identified candidate component class: file [C:\bit2020\intellij-workspace\spring-practice-board\build\classes\java\main\com\sungwook\study\springpracticeboard\Application.class]
23:05:18.931 [Test worker] INFO org.springframework.boot.test.context.SpringBootTestContextBootstrapper - Found @SpringBootConfiguration com.sungwook.study.springpracticeboard.Application for test class com.sungwook.study.springpracticeboard.web.IndexControllerTest
23:05:19.250 [Test worker] DEBUG org.springframework.boot.test.context.SpringBootTestContextBootstrapper - @TestExecutionListeners is not present for class [com.sungwook.study.springpracticeboard.web.IndexControllerTest]: using defaults.
23:05:19.253 [Test worker] INFO org.springframework.boot.test.context.SpringBootTestContextBootstrapper - Loaded default TestExecutionListener class names from location [META-INF/spring.factories]: [org.springframework.boot.test.autoconfigure.restdocs.RestDocsTestExecutionListener, org.springframework.boot.test.autoconfigure.web.client.MockRestServiceServerResetTestExecutionListener, org.springframework.boot.test.autoconfigure.web.servlet.MockMvcPrintOnlyOnFailureTestExecutionListener, org.springframework.boot.test.autoconfigure.web.servlet.WebDriverTestExecutionListener, org.springframework.boot.test.mock.mockito.MockitoTestExecutionListener, org.springframework.boot.test.mock.mockito.ResetMocksTestExecutionListener, org.springframework.test.context.web.ServletTestExecutionListener, org.springframework.test.context.support.DirtiesContextBeforeModesTestExecutionListener, org.springframework.test.context.support.DependencyInjectionTestExecutionListener, org.springframework.test.context.support.DirtiesContextTestExecutionListener, org.springframework.test.context.transaction.TransactionalTestExecutionListener, org.springframework.test.context.jdbc.SqlScriptsTestExecutionListener]
23:05:19.323 [Test worker] INFO org.springframework.boot.test.context.SpringBootTestContextBootstrapper - Using TestExecutionListeners: [org.springframework.test.context.web.ServletTestExecutionListener@1a04b689, org.springframework.test.context.support.DirtiesContextBeforeModesTestExecutionListener@42c146cf, org.springframework.boot.test.mock.mockito.MockitoTestExecutionListener@1534df17, org.springframework.boot.test.autoconfigure.SpringBootDependencyInjectionTestExecutionListener@39745f98, org.springframework.test.context.support.DirtiesContextTestExecutionListener@67b06c1, org.springframework.test.context.transaction.TransactionalTestExecutionListener@4e44cfff, org.springframework.test.context.jdbc.SqlScriptsTestExecutionListener@7dbb7d47, org.springframework.boot.test.autoconfigure.restdocs.RestDocsTestExecutionListener@662875f7, org.springframework.boot.test.autoconfigure.web.client.MockRestServiceServerResetTestExecutionListener@38bb2afd, org.springframework.boot.test.autoconfigure.web.servlet.MockMvcPrintOnlyOnFailureTestExecutionListener@50682122, org.springframework.boot.test.autoconfigure.web.servlet.WebDriverTestExecutionListener@761f2f2d, org.springframework.boot.test.mock.mockito.ResetMocksTestExecutionListener@533d7bd4]
23:05:19.334 [Test worker] DEBUG org.springframework.test.annotation.ProfileValueUtils - Retrieved @ProfileValueSourceConfiguration [null] for test class [com.sungwook.study.springpracticeboard.web.IndexControllerTest]
23:05:19.336 [Test worker] DEBUG org.springframework.test.annotation.ProfileValueUtils - Retrieved ProfileValueSource type [class org.springframework.test.annotation.SystemProfileValueSource] for class [com.sungwook.study.springpracticeboard.web.IndexControllerTest]
23:05:19.345 [Test worker] DEBUG org.springframework.test.annotation.ProfileValueUtils - Retrieved @ProfileValueSourceConfiguration [null] for test class [com.sungwook.study.springpracticeboard.web.IndexControllerTest]
23:05:19.345 [Test worker] DEBUG org.springframework.test.annotation.ProfileValueUtils - Retrieved ProfileValueSource type [class org.springframework.test.annotation.SystemProfileValueSource] for class [com.sungwook.study.springpracticeboard.web.IndexControllerTest]
23:05:19.348 [Test worker] DEBUG org.springframework.test.annotation.ProfileValueUtils - Retrieved @ProfileValueSourceConfiguration [null] for test class [com.sungwook.study.springpracticeboard.web.IndexControllerTest]
23:05:19.348 [Test worker] DEBUG org.springframework.test.annotation.ProfileValueUtils - Retrieved ProfileValueSource type [class org.springframework.test.annotation.SystemProfileValueSource] for class [com.sungwook.study.springpracticeboard.web.IndexControllerTest]
23:05:19.360 [Test worker] DEBUG org.springframework.test.context.support.AbstractDirtiesContextTestExecutionListener - Before test class: context [DefaultTestContext@b9d69a0 testClass = IndexControllerTest, testInstance = [null], testMethod = [null], testException = [null], mergedContextConfiguration = [WebMergedContextConfiguration@23cecb64 testClass = IndexControllerTest, locations = '{}', classes = '{class com.sungwook.study.springpracticeboard.Application}', contextInitializerClasses = '[]', activeProfiles = '{}', propertySourceLocations = '{}', propertySourceProperties = '{org.springframework.boot.test.context.SpringBootTestContextBootstrapper=true, server.port=0}', contextCustomizers = set[org.springframework.boot.test.autoconfigure.properties.PropertyMappingContextCustomizer@0, org.springframework.boot.test.autoconfigure.web.servlet.WebDriverContextCustomizerFactory$Customizer@568f49b0, org.springframework.boot.test.context.filter.ExcludeFilterContextCustomizer@3aceb132, org.springframework.boot.test.json.DuplicateJsonObjectContextCustomizerFactory$DuplicateJsonObjectContextCustomizer@441a01e9, org.springframework.boot.test.mock.mockito.MockitoContextCustomizer@0, org.springframework.boot.test.web.client.TestRestTemplateContextCustomizer@3aeb1c7b], resourceBasePath = 'src/main/webapp', contextLoader = 'org.springframework.boot.test.context.SpringBootContextLoader', parent = [null]], attributes = map['org.springframework.test.context.web.ServletTestExecutionListener.activateListener' -> false]], class annotated with @DirtiesContext [false] with mode [null].
23:05:19.363 [Test worker] DEBUG org.springframework.test.annotation.ProfileValueUtils - Retrieved @ProfileValueSourceConfiguration [null] for test class [com.sungwook.study.springpracticeboard.web.IndexControllerTest]
23:05:19.364 [Test worker] DEBUG org.springframework.test.annotation.ProfileValueUtils - Retrieved ProfileValueSource type [class org.springframework.test.annotation.SystemProfileValueSource] for class [com.sungwook.study.springpracticeboard.web.IndexControllerTest]
23:05:19.378 [Test worker] DEBUG org.springframework.test.context.support.DependencyInjectionTestExecutionListener - Performing dependency injection for test context [[DefaultTestContext@b9d69a0 testClass = IndexControllerTest, testInstance = com.sungwook.study.springpracticeboard.web.IndexControllerTest@10781ac6, testMethod = [null], testException = [null], mergedContextConfiguration = [WebMergedContextConfiguration@23cecb64 testClass = IndexControllerTest, locations = '{}', classes = '{class com.sungwook.study.springpracticeboard.Application}', contextInitializerClasses = '[]', activeProfiles = '{}', propertySourceLocations = '{}', propertySourceProperties = '{org.springframework.boot.test.context.SpringBootTestContextBootstrapper=true, server.port=0}', contextCustomizers = set[org.springframework.boot.test.autoconfigure.properties.PropertyMappingContextCustomizer@0, org.springframework.boot.test.autoconfigure.web.servlet.WebDriverContextCustomizerFactory$Customizer@568f49b0, org.springframework.boot.test.context.filter.ExcludeFilterContextCustomizer@3aceb132, org.springframework.boot.test.json.DuplicateJsonObjectContextCustomizerFactory$DuplicateJsonObjectContextCustomizer@441a01e9, org.springframework.boot.test.mock.mockito.MockitoContextCustomizer@0, org.springframework.boot.test.web.client.TestRestTemplateContextCustomizer@3aeb1c7b], resourceBasePath = 'src/main/webapp', contextLoader = 'org.springframework.boot.test.context.SpringBootContextLoader', parent = [null]], attributes = map['org.springframework.test.context.web.ServletTestExecutionListener.activateListener' -> false]]].
23:05:19.439 [Test worker] DEBUG org.springframework.test.context.support.TestPropertySourceUtils - Adding inlined properties to environment: {spring.jmx.enabled=false, org.springframework.boot.test.context.SpringBootTestContextBootstrapper=true, server.port=0}

  .   ____          _            __ _ _
 /\\ / ___'_ __ _ _(_)_ __  __ _ \ \ \ \
( ( )\___ | '_ | '_| | '_ \/ _` | \ \ \ \
 \\/  ___)| |_)| | | | | || (_| |  ) ) ) )
  '  |____| .__|_| |_|_| |_\__, | / / / /
 =========|_|==============|___/=/_/_/_/
 :: Spring Boot ::        (v2.1.9.RELEASE)

2021-03-14 23:05:20.262  INFO 23292 --- [    Test worker] c.s.s.s.web.IndexControllerTest          : Starting IndexControllerTest on DESKTOP-938SNQS with PID 23292 (started by SUNGWOOK JEON in C:\bit2020\intellij-workspace\spring-practice-board)
2021-03-14 23:05:20.266  INFO 23292 --- [    Test worker] c.s.s.s.web.IndexControllerTest          : No active profile set, falling back to default profiles: default
2021-03-14 23:05:22.546  INFO 23292 --- [    Test worker] .s.d.r.c.RepositoryConfigurationDelegate : Bootstrapping Spring Data repositories in DEFAULT mode.
2021-03-14 23:05:22.752  INFO 23292 --- [    Test worker] .s.d.r.c.RepositoryConfigurationDelegate : Finished Spring Data repository scanning in 183ms. Found 1 repository interfaces.
2021-03-14 23:05:23.862  INFO 23292 --- [    Test worker] trationDelegate$BeanPostProcessorChecker : Bean 'org.springframework.transaction.annotation.ProxyTransactionManagementConfiguration' of type [org.springframework.transaction.annotation.ProxyTransactionManagementConfiguration$$EnhancerBySpringCGLIB$$e684f9ee] is not eligible for getting processed by all BeanPostProcessors (for example: not eligible for auto-proxying)
2021-03-14 23:05:25.209  INFO 23292 --- [    Test worker] o.s.b.w.embedded.tomcat.TomcatWebServer  : Tomcat initialized with port(s): 0 (http)
2021-03-14 23:05:25.308  INFO 23292 --- [    Test worker] o.apache.catalina.core.StandardService   : Starting service [Tomcat]
2021-03-14 23:05:25.314  INFO 23292 --- [    Test worker] org.apache.catalina.core.StandardEngine  : Starting Servlet engine: [Apache Tomcat/9.0.26]
2021-03-14 23:05:25.797  INFO 23292 --- [    Test worker] o.a.c.c.C.[Tomcat].[localhost].[/]       : Initializing Spring embedded WebApplicationContext
2021-03-14 23:05:25.797  INFO 23292 --- [    Test worker] o.s.web.context.ContextLoader            : Root WebApplicationContext: initialization completed in 5462 ms
2021-03-14 23:05:26.617  INFO 23292 --- [    Test worker] com.zaxxer.hikari.HikariDataSource       : HikariPool-1 - Starting...
2021-03-14 23:05:27.135  INFO 23292 --- [    Test worker] com.zaxxer.hikari.HikariDataSource       : HikariPool-1 - Start completed.
2021-03-14 23:05:27.441  INFO 23292 --- [    Test worker] o.hibernate.jpa.internal.util.LogHelper  : HHH000204: Processing PersistenceUnitInfo [
	name: default
	...]
2021-03-14 23:05:27.735  INFO 23292 --- [    Test worker] org.hibernate.Version                    : HHH000412: Hibernate Core {5.3.12.Final}
2021-03-14 23:05:27.740  INFO 23292 --- [    Test worker] org.hibernate.cfg.Environment            : HHH000206: hibernate.properties not found
2021-03-14 23:05:28.365  INFO 23292 --- [    Test worker] o.hibernate.annotations.common.Version   : HCANN000001: Hibernate Commons Annotations {5.0.4.Final}
2021-03-14 23:05:29.100  INFO 23292 --- [    Test worker] org.hibernate.dialect.Dialect            : HHH000400: Using dialect: org.hibernate.dialect.MySQL5InnoDBDialect
Hibernate: drop table if exists posts
Hibernate: create table posts (id bigint not null auto_increment, created_date datetime, modified_date datetime, author varchar(255), content TEXT not null, title varchar(500) not null, primary key (id)) engine=InnoDB
2021-03-14 23:05:31.659  INFO 23292 --- [    Test worker] o.h.t.schema.internal.SchemaCreatorImpl  : HHH000476: Executing import script 'org.hibernate.tool.schema.internal.exec.ScriptSourceInputNonExistentImpl@7e86292c'
2021-03-14 23:05:31.671  INFO 23292 --- [    Test worker] j.LocalContainerEntityManagerFactoryBean : Initialized JPA EntityManagerFactory for persistence unit 'default'
2021-03-14 23:05:34.208  INFO 23292 --- [    Test worker] o.s.s.concurrent.ThreadPoolTaskExecutor  : Initializing ExecutorService 'applicationTaskExecutor'
2021-03-14 23:05:34.382  WARN 23292 --- [    Test worker] aWebConfiguration$JpaWebMvcConfiguration : spring.jpa.open-in-view is enabled by default. Therefore, database queries may be performed during view rendering. Explicitly configure spring.jpa.open-in-view to disable this warning
2021-03-14 23:05:34.545  INFO 23292 --- [    Test worker] o.s.b.a.w.s.WelcomePageHandlerMapping    : Adding welcome page template: index
2021-03-14 23:05:35.597  INFO 23292 --- [    Test worker] o.s.b.w.embedded.tomcat.TomcatWebServer  : Tomcat started on port(s): 10192 (http) with context path ''
2021-03-14 23:05:35.622  INFO 23292 --- [    Test worker] c.s.s.s.web.IndexControllerTest          : Started IndexControllerTest in 16.176 seconds (JVM running for 20.539)
2021-03-14 23:05:36.232  INFO 23292 --- [o-auto-1-exec-1] o.a.c.c.C.[Tomcat].[localhost].[/]       : Initializing Spring DispatcherServlet 'dispatcherServlet'
2021-03-14 23:05:36.233  INFO 23292 --- [o-auto-1-exec-1] o.s.web.servlet.DispatcherServlet        : Initializing Servlet 'dispatcherServlet'
2021-03-14 23:05:36.304  INFO 23292 --- [o-auto-1-exec-1] o.s.web.servlet.DispatcherServlet        : Completed initialization in 71 ms
]]></system-out>
  <system-err><![CDATA[]]></system-err>
</testsuite>
